Lahey/Fujitsu Fortran 95 Express Release 7.20.00  S/N: 00608146682795035
Copyright (C) 1994-2009 Lahey Computer Systems.  All rights reserved.
Copyright (C) 1998-2009 FUJITSU LIMITED. All rights reserved.
Compiling program unit main at line 1:
Compiling program unit __BLKDT__ at line 1286:
Compiling program unit xtractll at line 1666:
Compiling program unit yr4 at line 261:
Compiling program unit yr4c at line 312:
Compiling program unit qayr4 at line 356:
Compiling program unit julday at line 443:
Compiling program unit grday at line 508:
Compiling program unit dedat at line 558:
Compiling program unit deltt at line 586:
Compiling program unit incr at line 652:
Compiling program unit indecr at line 746:
Compiling program unit incrs at line 825:
Compiling program unit deltsec at line 892:
Compiling program unit midnite at line 936:
Compiling program unit utcbasr at line 1005:
Compiling program unit basrutc at line 1041:
Compiling program unit filcase at line 1088:
Compiling program unit readin at line 1162:
Compiling program unit altonu at line 1795:
Compiling program unit deblnk at line 2118:
Compiling program unit deplus at line 2179:
Compiling program unit tright at line 2235:
Compiling program unit tleft at line 2313:
Compiling program unit setvar at line 2392:
Compiling program unit allcap at line 2474:
Compiling program unit datetm at line 2526:
Compiling program unit etime at line 2609:
Compiling program unit undrflw at line 2630:
Compiling program unit comline at line 2663:
Compiling program unit globe1 at line 1670:
Compiling program unit globe at line 301:
Compiling program unit nimadate at line 464:
Compiling program unit coordsver at line 495:
Compiling program unit COORDS at line 581:
Compiling program unit DATUMS at line 1993:
Compiling program unit PRJCHK at line 1998:
Compiling program unit ERRPRT at line 2065:
Compiling program unit ll2zon at line 2136:
Compiling program unit dd2dms at line 2204:
Compiling program unit dat2dat at line 2247:
Compiling program unit datshft at line 2426:
Compiling program unit init at line 2567:
Compiling program unit ADJLZ0 at line 2652:
Compiling program unit ASINZ0 at line 2684:
Compiling program unit DMSPZ0 at line 2704:
Compiling program unit E0FNZ0 at line 2731:
Compiling program unit E1FNZ0 at line 2749:
Compiling program unit E2FNZ0 at line 2768:
Compiling program unit E3FNZ0 at line 2786:
Compiling program unit E4FNZ0 at line 2802:
Compiling program unit GTPZ0 at line 2821:
Compiling program unit MLFNZ0 at line 3372:
Compiling program unit MSFNZ0 at line 3390:
Compiling program unit PAKCZ0 at line 3408:
Compiling program unit PAKDZ0 at line 3445:
Compiling program unit PAKRZ0 at line 3478:
Compiling program unit PAKSZ0 at line 3501:
Compiling program unit PHI1Z0 at line 3557:
Compiling program unit PHI2Z0 at line 3602:
Compiling program unit PHI3Z0 at line 3642:
Compiling program unit PHI4Z0 at line 3679:
Compiling program unit PJINIT at line 3730:
Compiling program unit PJ01Z0 at line 5312:
Compiling program unit PJ02Z0 at line 5374:
Compiling program unit PJ03Z0 at line 5487:
Compiling program unit PJ04Z0 at line 5577:
Compiling program unit PJ05Z0 at line 5674:
Compiling program unit PJ06Z0 at line 5755:
Compiling program unit PJ07Z0 at line 5844:
Compiling program unit PJ08Z0 at line 5936:
Compiling program unit PJ09Z0 at line 6016:
Compiling program unit PJ10Z0 at line 6175:
Compiling program unit PJ11Z0 at line 6281:
Compiling program unit PJ12Z0 at line 6395:
Compiling program unit PJ13Z0 at line 6511:
Compiling program unit PJ14Z0 at line 6616:
Compiling program unit PJ15Z0 at line 6727:
Compiling program unit PJ16Z0 at line 6843:
Compiling program unit PJ17Z0 at line 6925:
Compiling program unit PJ18Z0 at line 7000:
Compiling program unit PJ19Z0 at line 7070:
Compiling program unit PJ20Z0 at line 7194:
Compiling program unit PJ21Z0 at line 7310:
Compiling program unit PJ22Z0 at line 7438:
Compiling program unit PJ23Z0 at line 7637:
Compiling program unit QSFNZ0 at line 7833:
Compiling program unit RADDZ0 at line 7856:
Compiling program unit SERAZ0 at line 7921:
Compiling program unit SPHDZ0 at line 7953:
Compiling program unit TSFNZ0 at line 8104:
Compiling program unit UNTFZ0 at line 8125:
Compiling program unit advwnd at line 1671:
Compiling program unit advect at line 1775:
Compiling program unit windset at line 1990:
Compiling program unit puffdz at line 2102:
Compiling program unit areaint at line 2212:
Compiling program unit xy2uwcw at line 2402:
Compiling program unit vecmin at line 2494:
Compiling program unit vecmax at line 2532:
Compiling program unit extreme at line 2568:
Compiling program unit cwyvals at line 2606:
Compiling program unit cpqromb at line 2712:
Compiling program unit cptrap at line 2830:
Compiling program unit lsslint at line 2944:
Compiling program unit polint at line 3126:
Compiling program unit calcpf at line 3203:
Compiling program unit pfscrn at line 3821:
Compiling program unit pfsamp at line 3885:
Compiling program unit pufrecs at line 3955:
Compiling program unit calcsl at line 4532:
Compiling program unit slgrecs at line 5171:
Compiling program unit plgrecs at line 5866:
Compiling program unit slgfrac at line 6227:
Compiling program unit chem at line 6311:
Compiling program unit chemtf at line 6652:
Compiling program unit chemii at line 6836:
Compiling program unit CHEMEQ at line 6914:
Compiling program unit TRPF at line 7021:
Compiling program unit chemi at line 7055:
Compiling program unit rdchem at line 7541:
Compiling program unit rdhdoz at line 7641:
Compiling program unit rdhdoz2 at line 7742:
Compiling program unit rdtioz at line 7993:
Compiling program unit rdtioz2 at line 8044:
Compiling program unit rdoz at line 8115:
Compiling program unit getoz at line 8215:
Compiling program unit chembk at line 8302:
Compiling program unit comp at line 8343:
Compiling program unit vmass at line 10547:
Compiling program unit split at line 10913:
Compiling program unit initpuf at line 11379:
Compiling program unit areas1 at line 11920:
Compiling program unit areas2 at line 12230:
Compiling program unit syarea at line 12567:
Compiling program unit vols at line 12643:
Compiling program unit points1 at line 12998:
Compiling program unit points2 at line 13901:
Compiling program unit lines1 at line 14790:
Compiling program unit rlsmet at line 15388:
Compiling program unit zfind at line 15593:
Compiling program unit ptlaps at line 15633:
Compiling program unit inject at line 15769:
Compiling program unit dwsigs at line 15906:
Compiling program unit setline at line 16056:
Compiling program unit rolldn at line 16318:
Compiling program unit swap at line 16412:
Compiling program unit vemfac at line 16621:
Compiling program unit lines2 at line 16748:
Compiling program unit ln2fill at line 17309:
Compiling program unit ctadj at line 17471:
Compiling program unit ctadj2 at line 17533:
Compiling program unit slugct2 at line 17826:
Compiling program unit puffct2 at line 18024:
Compiling program unit getelev at line 18087:
Compiling program unit trelief at line 18175:
Compiling program unit teravg at line 18507:
Compiling program unit walltrap at line 18703:
Compiling program unit vwidth at line 18854:
Compiling program unit axis at line 19128:
Compiling program unit bi at line 19177:
Compiling program unit bji at line 19213:
Compiling program unit bjil at line 19266:
Compiling program unit ctinit at line 19313:
Compiling program unit ctpar at line 19453:
Compiling program unit ctrec at line 19789:
Compiling program unit ctsg at line 19871:
Compiling program unit fcty at line 20062:
Compiling program unit fctz at line 20094:
Compiling program unit flopuff at line 20126:
Compiling program unit getprfm at line 20606:
Compiling program unit getprfp at line 20732:
Compiling program unit hdun at line 20834:
Compiling program unit hilhgt at line 20985:
Compiling program unit hilrot at line 21021:
Compiling program unit inprec at line 21067:
Compiling program unit inpter at line 21210:
Compiling program unit ireg at line 21526:
Compiling program unit klose at line 21555:
Compiling program unit lower at line 21607:
Compiling program unit munu at line 21815:
Compiling program unit path at line 21919:
Compiling program unit path0 at line 22176:
Compiling program unit puffc at line 22236:
Compiling program unit qatr at line 22356:
Compiling program unit rotate at line 22472:
Compiling program unit sigma at line 22501:
Compiling program unit slg2puf at line 22600:
Compiling program unit speed at line 22656:
Compiling program unit tfac at line 22715:
Compiling program unit upper at line 22765:
Compiling program unit xintrp at line 22953:
Compiling program unit dry at line 23002:
Compiling program unit vdcomp at line 23241:
Compiling program unit vdp at line 23515:
Compiling program unit rdvd at line 23631:
Compiling program unit dryi at line 23764:
Compiling program unit vdp1 at line 23988:
Compiling program unit exmet at line 24154:
Compiling program unit findr at line 24381:
Compiling program unit findi at line 24452:
Compiling program unit fin at line 24525:
Compiling program unit met1 at line 24643:
Compiling program unit metqa at line 25109:
Compiling program unit rdmet at line 25341:
Compiling program unit rdprof at line 25820:
Compiling program unit rdprof5 at line 26055:
Compiling program unit met2 at line 26297:
Compiling program unit rdisc at line 26620:
Compiling program unit qahrisc at line 26944:
Compiling program unit met3 at line 27074:
Compiling program unit rdplm at line 27392:
Compiling program unit met4 at line 27718:
Compiling program unit rdmet4 at line 28020:
Compiling program unit rdmet5 at line 28353:
Compiling program unit stprf at line 28659:
Compiling program unit xtprf at line 28756:
Compiling program unit powlaw at line 29027:
Compiling program unit lstab at line 29082:
Compiling program unit stab2l at line 29161:
Compiling program unit psim at line 29200:
Compiling program unit numrise at line 29245:
Compiling program unit nummet at line 29943:
Compiling program unit rate at line 30205:
Compiling program unit lump at line 30293:
Compiling program unit marching at line 30325:
Compiling program unit unlump at line 30354:
Compiling program unit zmet at line 30395:
Compiling program unit numpr1 at line 30482:
Compiling program unit RDHDEM2 at line 30710:
Compiling program unit RDHDEM3 at line 30961:
Compiling program unit RDHDEM4 at line 31201:
Compiling program unit RDHDEM5 at line 31448:
Compiling program unit EMQA at line 31618:
Compiling program unit QCHECK at line 31724:
Compiling program unit RDTIEM2 at line 31902:
Compiling program unit RDEM2 at line 32118:
Compiling program unit RDTIEM3 at line 32255:
Compiling program unit RDEM3 at line 32361:
Compiling program unit RDTIEM4 at line 32459:
Compiling program unit RDEM4 at line 32539:
Compiling program unit RDTIEM5 at line 32643:
Compiling program unit RDEM5 at line 32709:
Compiling program unit readcf at line 32851:
Compiling program unit qainp at line 35984:
Compiling program unit quadarea at line 37333:
Compiling program unit triarea at line 37387:
Compiling program unit readfn at line 37412:
Compiling program unit wrfiles at line 37781:
Compiling program unit stktip at line 38044:
Compiling program unit prb at line 38089:
Compiling program unit prm at line 38141:
Compiling program unit prfin at line 38221:
Compiling program unit grise at line 38391:
Compiling program unit prss at line 38587:
Compiling program unit sscb at line 38659:
Compiling program unit sscm at line 38704:
Compiling program unit prbl at line 38756:
Compiling program unit prshear at line 38835:
Compiling program unit prfinsh at line 38915:
Compiling program unit prfpp at line 38997:
Compiling program unit prtab at line 39108:
Compiling program unit setpuf at line 39154:
Compiling program unit setslg at line 39659:
Compiling program unit slugi at line 40203:
Compiling program unit setup at line 40259:
Compiling program unit openot at line 40615:
Compiling program unit openab at line 40904:
Compiling program unit setcom at line 40988:
Compiling program unit elevi at line 41209:
Compiling program unit sigty at line 41253:
Compiling program unit xvy at line 41661:
Compiling program unit sigtz at line 41706:
Compiling program unit xvz at line 42159:
Compiling program unit xvz2 at line 42244:
Compiling program unit turbset at line 42340:
Compiling program unit sigwv at line 42560:
Compiling program unit sigset at line 42671:
Compiling program unit setcsig at line 42831:
Compiling program unit heftran at line 42940:
Compiling program unit rombtin at line 43089:
Compiling program unit trapsl at line 43223:
Compiling program unit slugave at line 43355:
Compiling program unit slugsnp at line 43681:
Compiling program unit SLGXLIM at line 43854:
Compiling program unit VCOUP at line 44033:
Compiling program unit vcbar at line 44186:
Compiling program unit SLGTLIM at line 44409:
Compiling program unit FINLINI at line 44749:
Compiling program unit slugint at line 44836:
Compiling program unit XERFDIF at line 45168:
Compiling program unit ERFDIF at line 45229:
Compiling program unit ERF at line 45286:
Compiling program unit ERFC at line 45338:
Compiling program unit ROOT3 at line 45403:
Compiling program unit DROOT3 at line 45495:
Compiling program unit ROOT2 at line 45595:
Compiling program unit recspec0 at line 45655:
Compiling program unit out at line 45911:
Compiling program unit wrt at line 46131:
Compiling program unit wrt2 at line 46168:
Compiling program unit outsam at line 46193:
Compiling program unit rdi1d at line 46413:
Compiling program unit rdi2d at line 46441:
Compiling program unit rdr1d at line 46488:
Compiling program unit rdr2d at line 46515:
Compiling program unit initar at line 46572:
Compiling program unit initai at line 46604:
Compiling program unit initr2d at line 46636:
Compiling program unit initi2d at line 46676:
Compiling program unit track at line 46715:
Compiling program unit wet at line 46775:
Compiling program unit wrout1 at line 46917:
Compiling program unit output at line 47467:
Compiling program unit wrdat at line 48325:
Compiling program unit wrint at line 48360:
Compiling program unit xtract at line 48393:
Compiling program unit xtracti at line 48449:
Compiling program unit comprs at line 48505:
Compiling program unit SNSQE at line 48595:
Compiling program unit SNSQ at line 48984:
Compiling program unit DOGLEG at line 49721:
Compiling program unit ENORM at line 49902:
Compiling program unit FDJAC1 at line 50019:
Compiling program unit FDUMP at line 50174:
Compiling program unit I1MACH at line 50205:
Compiling program unit J4SAVE at line 51093:
Compiling program unit QFORM at line 51158:
Compiling program unit QRFAC at line 51260:
Compiling program unit R1MACH at line 51430:
Compiling program unit R1MPYQ at line 51856:
Compiling program unit R1UPDT at line 51954:
Compiling program unit XERCNT at line 52163:
Compiling program unit XERHLT at line 52223:
Compiling program unit XERMSG at line 52262:
Compiling program unit XERPRN at line 52626:
Compiling program unit XERSVE at line 52854:
Compiling program unit XGETUA at line 53009:
Compiling program unit XSETF at line 53060:
Compiling program unit PDFVARS at line 53120:
Compiling program unit PDFPATH at line 53247:
Compiling program unit restartq at line 53359:
Compiling program unit restarto at line 53563:
Compiling program unit restarti at line 54062:
Compiling program unit rdqa at line 54415:
Compiling program unit wrti1d at line 54463:
Compiling program unit wrtr1d at line 54491:
Compiling program unit wrtr2d at line 54518:
Compiling program unit wrtr3d at line 54562:
Compiling program unit rdr3d at line 54608:
Compiling program unit tiblset at line 54655:
Compiling program unit tiblon at line 55064:
Compiling program unit tiblgro at line 55424:
Compiling program unit chemriv at line 55667:
Compiling program unit chmriv at line 55912:
Compiling program unit phot at line 56113:
Compiling program unit sundata at line 56323:
Compiling program unit SOLAR at line 56448:
Compiling program unit SSLATLON at line 56536:
Compiling program unit METLATLON at line 56637:
Compiling program unit risewind at line 56730:
Compiling program unit asdf at line 56891:
Compiling program unit nextfil at line 56985:
Compiling program unit mflxset at line 57047:
Compiling program unit mflxhdr at line 57371:
Compiling program unit mflxini at line 57445:
Compiling program unit mflxgrp at line 57487:
Compiling program unit mflxout at line 57526:
Compiling program unit mflxcmp at line 57582:
Compiling program unit mbalhdr at line 57874:
Compiling program unit mbalini at line 57947:
Compiling program unit mbalout at line 58004:
Compiling program unit mbalsum at line 58068:
Compiling program unit wrivl at line 58220:
Compiling program unit rdhdbc at line 58252:
Compiling program unit RDEMBC at line 59133:
Compiling program unit bcs1 at line 59288:
Compiling program unit setbcpuf at line 59612:
Compiling program unit calcbc at line 59761:
Compiling program unit sumbc at line 60074:
Compiling program unit chemsoa at line 60177:
Compiling program unit makeohn at line 60340:
Compiling program unit yield at line 60449:
Compiling program unit biog at line 60528:
Compiling program unit aroma at line 60605:
Compiling program unit setsoa at line 60668:
Compiling program unit qafog at line 60710:
Compiling program unit setfog at line 60984:
Compiling program unit fogrec at line 61135:
Compiling program unit ztrace at line 61270:
Compiling program unit fogwind at line 61426:
Compiling program unit plmfog at line 61480:
Compiling program unit fogout at line 61679:
Compiling program unit vsat at line 61879:
Compiling program unit rdhdaq at line 61924:
Compiling program unit rdtiaq at line 62025:
Compiling program unit rdaq at line 62077:
Compiling program unit geth2o2 at line 62154:
Compiling program unit aqtest at line 62238:
Compiling program unit rdemsrc at line 62285:
Compiling program unit qaplot1 at line 62437:
Compiling program unit lrsame at line 62902:
Compiling program unit tfercf at line 62949:
Compiling program unit met1doc at line 63033:
Compiling program unit cav_conc at line 63138:
Compiling program unit cav_samp at line 63437:
Compiling program unit wake_cav0 at line 63611:
Compiling program unit wake_dbg at line 63684:
Compiling program unit wake_dfsn at line 63918:
Compiling program unit wake_siga at line 64901:
Compiling program unit wake_dim at line 64986:
Compiling program unit wake_drdx at line 65042:
Compiling program unit wake_fqc at line 65100:
Compiling program unit wake_fin at line 65230:
Compiling program unit wake_ini at line 65419:
Compiling program unit wake_scales at line 65559:
Compiling program unit wake_sig at line 65661:
Compiling program unit wake_turb at line 65742:
Compiling program unit wake_u at line 65808:
Compiling program unit wake_xa at line 65921:
Compiling program unit wake_xsig at line 65997:
Compiling program unit cavity_ht at line 66201:
Compiling program unit FRGAUSS at line 66281:
Compiling program unit numgrad at line 66322:
Compiling program unit position at line 66371:
Compiling program unit zstream at line 66498:
Compiling program unit intertab at line 66650:
Compiling program unit wake_tab at line 66761:
Compiling program unit rdhdbc2 at line 66896:
Compiling program unit bc2doc at line 67412:
Compiling program unit RDEMBC2 at line 67505:
Compiling program unit getrcrd at line 67625:
Compiling program unit uncomprs at line 67774:
Compiling program unit tchiflx at line 67836:
Compiling program unit warn at line 67960:
Compiling program unit aerswv at line 68110:
Compiling program unit REFSV at line 68178:
Compiling program unit REFSVC at line 68254:
Compiling program unit REFSVM at line 68333:
Compiling program unit REFSW at line 68405:
Compiling program unit REFSWC at line 68502:
Compiling program unit REFSWM at line 68573:
Compiling program unit GINTRP at line 68644:
Compiling program unit tauly at line 68692:
Compiling program unit ZEROTAB at line 68786:
Compiling program unit swaptab at line 68841:
Compiling program unit srctabin at line 68900:
Compiling program unit srctabout at line 68964:
Compiling program unit wake_addbid at line 69016:
Compiling program unit wake_csig at line 69092:
Encountered 0 errors, 0 warnings in file calpuff.for.
Microsoft (R) Incremental Linker Version 6.00.8447
Copyright (C) Microsoft Corp 1992-1998. All rights reserved.

Compiling file calpuff.for.
